Summary of SPARK analysis
=========================

------------------------------------------------------------------------------------------------------------
SPARK Analysis results        Total      Flow   CodePeer                      Provers   Justified   Unproved
------------------------------------------------------------------------------------------------------------
Data Dependencies                 .         .          .                            .           .          .
Flow Dependencies                 .         .          .                            .           .          .
Initialization                    .         .          .                            .           .          .
Non-Aliasing                      .         .          .                            .           .          .
Run-time Checks                  16         .          .                    16 (CVC4)           .          .
Assertions                       12         .          .                    12 (CVC4)           .          .
Functional Contracts              7         .          .    7 (CVC4 65%, Trivial 35%)           .          .
LSP Verification                  .         .          .                            .           .          .
Termination                       .         .          .                            .           .          .
Concurrency                       .         .          .                            .           .          .
------------------------------------------------------------------------------------------------------------
Total                            35         .          .                    35 (100%)           .          .


max steps used for successful proof: 1

Analyzed 1 unit
in unit deliverysystem, 6 subprograms and packages out of 6 analyzed
  deliverySystem at deliverysystem.ads:1 flow analyzed (0 errors, 0 checks and 0 warnings) and proved (0 checks)
  deliverySystem.CalcBPM at deliverysystem.ads:31 flow analyzed (0 errors, 0 checks and 0 warnings) and proved (8 checks)
  deliverySystem.CalcST at deliverysystem.ads:39 flow analyzed (0 errors, 0 checks and 0 warnings) and proved (10 checks)
  deliverySystem.IsInfuse at deliverysystem.ads:55 flow analyzed (0 errors, 0 checks and 0 warnings) and proved (1 checks)
  deliverySystem.IsSoundTocsin at deliverysystem.ads:47 flow analyzed (0 errors, 0 checks and 0 warnings) and proved (1 checks)
  deliverySystem.sumEEGR at deliverysystem.ads:62 flow analyzed (0 errors, 0 checks and 0 warnings) and proved (15 checks)
